This is pdfTeX, Version 3.1415926-2.5-1.40.14 (TeX Live 2013/Debian) (format=pdflatex 2014.9.18)  17 DEC 2014 17:30
entering extended mode
 restricted \write18 enabled.
 %&-line parsing enabled.
**root.tex
(./root.tex
LaTeX2e <2011/06/27>
Babel <3.9h> and hyphenation patterns for 78 languages loaded.
(./ieeeconf.cls

LaTeX Warning: You have requested document class `ieeeconf',
               but the document class provides `cssconf'.

Document Class: cssconf 2004/1/15 revision V1.6b by Pradeep Misra
\@IEEEtrantmpdimenA=\dimen102
\@IEEEtrantmpdimenB=\dimen103
\@IEEEtrantmpcountA=\count79
\@IEEEtrantmpcountB=\count80
\@IEEEtrantmptoksA=\toks14
LaTeX Font Info:    Try loading font information for OT1+ptm on input line 794.

(/usr/share/texlive/texmf-dist/tex/latex/psnfss/ot1ptm.fd
File: ot1ptm.fd 2001/06/04 font definitions for OT1/ptm.
)
\@IEEEnormalsizefontbaselineskip=\skip41

-- This is a 10 point document.
\normalsizebaselineskip=\skip42
\normaljot=\skip43
LaTeX Font Info:    Font shape `OT1/ptm/bx/n' in size <5> not available
(Font)              Font shape `OT1/ptm/b/n' tried instead on input line 1113.
LaTeX Font Info:    Font shape `OT1/ptm/bx/it' in size <5> not available
(Font)              Font shape `OT1/ptm/b/it' tried instead on input line 1113.

LaTeX Font Info:    Font shape `OT1/ptm/bx/n' in size <7> not available
(Font)              Font shape `OT1/ptm/b/n' tried instead on input line 1113.
LaTeX Font Info:    Font shape `OT1/ptm/bx/it' in size <7> not available
(Font)              Font shape `OT1/ptm/b/it' tried instead on input line 1113.

LaTeX Font Info:    Font shape `OT1/ptm/bx/n' in size <8> not available
(Font)              Font shape `OT1/ptm/b/n' tried instead on input line 1113.
LaTeX Font Info:    Font shape `OT1/ptm/bx/it' in size <8> not available
(Font)              Font shape `OT1/ptm/b/it' tried instead on input line 1113.

LaTeX Font Info:    Font shape `OT1/ptm/bx/n' in size <9> not available
(Font)              Font shape `OT1/ptm/b/n' tried instead on input line 1113.
LaTeX Font Info:    Font shape `OT1/ptm/bx/it' in size <9> not available
(Font)              Font shape `OT1/ptm/b/it' tried instead on input line 1113.

LaTeX Font Info:    Font shape `OT1/ptm/bx/n' in size <10> not available
(Font)              Font shape `OT1/ptm/b/n' tried instead on input line 1113.
LaTeX Font Info:    Font shape `OT1/ptm/bx/it' in size <10> not available
(Font)              Font shape `OT1/ptm/b/it' tried instead on input line 1113.

LaTeX Font Info:    Font shape `OT1/ptm/bx/n' in size <11> not available
(Font)              Font shape `OT1/ptm/b/n' tried instead on input line 1113.
LaTeX Font Info:    Font shape `OT1/ptm/bx/it' in size <11> not available
(Font)              Font shape `OT1/ptm/b/it' tried instead on input line 1113.

LaTeX Font Info:    Font shape `OT1/ptm/bx/n' in size <12> not available
(Font)              Font shape `OT1/ptm/b/n' tried instead on input line 1113.
LaTeX Font Info:    Font shape `OT1/ptm/bx/it' in size <12> not available
(Font)              Font shape `OT1/ptm/b/it' tried instead on input line 1113.

LaTeX Font Info:    Font shape `OT1/ptm/bx/n' in size <16> not available
(Font)              Font shape `OT1/ptm/b/n' tried instead on input line 1113.
LaTeX Font Info:    Font shape `OT1/ptm/bx/it' in size <16> not available
(Font)              Font shape `OT1/ptm/b/it' tried instead on input line 1113.

LaTeX Font Info:    Font shape `OT1/ptm/bx/n' in size <20> not available
(Font)              Font shape `OT1/ptm/b/n' tried instead on input line 1113.
LaTeX Font Info:    Font shape `OT1/ptm/bx/it' in size <20> not available
(Font)              Font shape `OT1/ptm/b/it' tried instead on input line 1113.

LaTeX Font Info:    Font shape `OT1/ptm/bx/n' in size <24> not available
(Font)              Font shape `OT1/ptm/b/n' tried instead on input line 1113.
LaTeX Font Info:    Font shape `OT1/ptm/bx/it' in size <24> not available
(Font)              Font shape `OT1/ptm/b/it' tried instead on input line 1113.

\IEEEilabelindentA=\dimen104
\IEEEilabelindentB=\dimen105
\IEEEilabelindent=\dimen106
\IEEEelabelindent=\dimen107
\IEEEdlabelindent=\dimen108
\labelindent=\dimen109
\IEEEiednormlabelsep=\dimen110
\IEEEiedmathlabelsep=\dimen111
\IEEEiedtopsep=\skip44
\c@section=\count81
\c@subsection=\count82
\c@subsubsection=\count83
\c@paragraph=\count84
\c@IEEEsubequation=\count85
\abovecaptionskip=\skip45
\belowcaptionskip=\skip46
\c@figure=\count86
\c@table=\count87
\@IEEEeqnnumcols=\count88
\@IEEEeqncolcnt=\count89
\@IEEEtmpitemindent=\dimen112
\c@biography=\count90
\@IEEEtranrubishbin=\box26
)
** ATTENTION: Overriding command lockouts (line 9).
** ATTENTION: Overriding IEEE standard margins (line 12).
(/usr/share/texlive/texmf-dist/tex/latex/graphics/graphicx.sty
Package: graphicx 1999/02/16 v1.0f Enhanced LaTeX Graphics (DPC,SPQR)

(/usr/share/texlive/texmf-dist/tex/latex/graphics/keyval.sty
Package: keyval 1999/03/16 v1.13 key=value parser (DPC)
\KV@toks@=\toks15
)
(/usr/share/texlive/texmf-dist/tex/latex/graphics/graphics.sty
Package: graphics 2009/02/05 v1.0o Standard LaTeX Graphics (DPC,SPQR)

(/usr/share/texlive/texmf-dist/tex/latex/graphics/trig.sty
Package: trig 1999/03/16 v1.09 sin cos tan (DPC)
)
(/usr/share/texlive/texmf-dist/tex/latex/latexconfig/graphics.cfg
File: graphics.cfg 2010/04/23 v1.9 graphics configuration of TeX Live
)
Package graphics Info: Driver file: pdftex.def on input line 91.

(/usr/share/texlive/texmf-dist/tex/latex/pdftex-def/pdftex.def
File: pdftex.def 2011/05/27 v0.06d Graphics/color for pdfTeX

(/usr/share/texlive/texmf-dist/tex/generic/oberdiek/infwarerr.sty
Package: infwarerr 2010/04/08 v1.3 Providing info/warning/error messages (HO)
)
(/usr/share/texlive/texmf-dist/tex/generic/oberdiek/ltxcmds.sty
Package: ltxcmds 2011/11/09 v1.22 LaTeX kernel commands for general use (HO)
)
\Gread@gobject=\count91
))
\Gin@req@height=\dimen113
\Gin@req@width=\dimen114
) (./root.aux)
\openout1 = `root.aux'.

LaTeX Font Info:    Checking defaults for OML/cmm/m/it on input line 41.
LaTeX Font Info:    ... okay on input line 41.
LaTeX Font Info:    Checking defaults for T1/cmr/m/n on input line 41.
LaTeX Font Info:    ... okay on input line 41.
LaTeX Font Info:    Checking defaults for OT1/cmr/m/n on input line 41.
LaTeX Font Info:    ... okay on input line 41.
LaTeX Font Info:    Checking defaults for OMS/cmsy/m/n on input line 41.
LaTeX Font Info:    ... okay on input line 41.
LaTeX Font Info:    Checking defaults for OMX/cmex/m/n on input line 41.
LaTeX Font Info:    ... okay on input line 41.
LaTeX Font Info:    Checking defaults for U/cmr/m/n on input line 41.
LaTeX Font Info:    ... okay on input line 41.
 (/usr/share/texlive/texmf-dist/tex/context/base/supp-pdf.mkii
[Loading MPS to PDF converter (version 2006.09.02).]
\scratchcounter=\count92
\scratchdimen=\dimen115
\scratchbox=\box27
\nofMPsegments=\count93
\nofMParguments=\count94
\everyMPshowfont=\toks16
\MPscratchCnt=\count95
\MPscratchDim=\dimen116
\MPnumerator=\count96
\makeMPintoPDFobject=\count97
\everyMPtoPDFconversion=\toks17
) (/usr/share/texlive/texmf-dist/tex/generic/oberdiek/pdftexcmds.sty
Package: pdftexcmds 2011/11/29 v0.20 Utility functions of pdfTeX for LuaTeX (HO
)

(/usr/share/texlive/texmf-dist/tex/generic/oberdiek/ifluatex.sty
Package: ifluatex 2010/03/01 v1.3 Provides the ifluatex switch (HO)
Package ifluatex Info: LuaTeX not detected.
)
(/usr/share/texlive/texmf-dist/tex/generic/oberdiek/ifpdf.sty
Package: ifpdf 2011/01/30 v2.3 Provides the ifpdf switch (HO)
Package ifpdf Info: pdfTeX in PDF mode is detected.
)
Package pdftexcmds Info: LuaTeX not detected.
Package pdftexcmds Info: \pdf@primitive is available.
Package pdftexcmds Info: \pdf@ifprimitive is available.
Package pdftexcmds Info: \pdfdraftmode found.
)
(/usr/share/texlive/texmf-dist/tex/latex/oberdiek/epstopdf-base.sty
Package: epstopdf-base 2010/02/09 v2.5 Base part for package epstopdf

(/usr/share/texlive/texmf-dist/tex/latex/oberdiek/grfext.sty
Package: grfext 2010/08/19 v1.1 Manage graphics extensions (HO)

(/usr/share/texlive/texmf-dist/tex/generic/oberdiek/kvdefinekeys.sty
Package: kvdefinekeys 2011/04/07 v1.3 Define keys (HO)
))
(/usr/share/texlive/texmf-dist/tex/latex/oberdiek/kvoptions.sty
Package: kvoptions 2011/06/30 v3.11 Key value format for package options (HO)

(/usr/share/texlive/texmf-dist/tex/generic/oberdiek/kvsetkeys.sty
Package: kvsetkeys 2012/04/25 v1.16 Key value parser (HO)

(/usr/share/texlive/texmf-dist/tex/generic/oberdiek/etexcmds.sty
Package: etexcmds 2011/02/16 v1.5 Avoid name clashes with e-TeX commands (HO)
Package etexcmds Info: Could not find \expanded.
(etexcmds)             That can mean that you are not using pdfTeX 1.50 or
(etexcmds)             that some package has redefined \expanded.
(etexcmds)             In the latter case, load this package earlier.
)))
Package grfext Info: Graphics extension search list:
(grfext)             [.png,.pdf,.jpg,.mps,.jpeg,.jbig2,.jb2,.PNG,.PDF,.JPG,.JPE
G,.JBIG2,.JB2,.eps]
(grfext)             \AppendGraphicsExtensions on input line 452.

(/usr/share/texlive/texmf-dist/tex/latex/latexconfig/epstopdf-sys.cfg
File: epstopdf-sys.cfg 2010/07/13 v1.3 Configuration of (r)epstopdf for TeX Liv
e
))
LaTeX Font Info:    Calculating math sizes for size <11> on input line 45.
LaTeX Font Info:    External font `cmex10' loaded for size
(Font)              <11> on input line 45.
LaTeX Font Info:    External font `cmex10' loaded for size
(Font)              <7.69997> on input line 45.
LaTeX Font Info:    External font `cmex10' loaded for size
(Font)              <5.5> on input line 45.
LaTeX Font Info:    External font `cmex10' loaded for size
(Font)              <8> on input line 45.
LaTeX Font Info:    External font `cmex10' loaded for size
(Font)              <6> on input line 45.
LaTeX Font Info:    External font `cmex10' loaded for size
(Font)              <5> on input line 45.
LaTeX Font Info:    Try loading font information for OT1+pcr on input line 45.

(/usr/share/texlive/texmf-dist/tex/latex/psnfss/ot1pcr.fd
File: ot1pcr.fd 2001/06/04 font definitions for OT1/pcr.
)
<figures/atrias.jpg, id=1, 632.3625pt x 528.97626pt>
File: figures/atrias.jpg Graphic file (type jpg)
 <use figures/atrias.jpg>
Package pdftex.def Info: figures/atrias.jpg used on input line 73.
(pdftex.def)             Requested size: 189.7102pt x 158.69409pt.
Missing character: There is no ‚ in font ptmr7t!
Missing character: There is no Ä in font ptmr7t!
Missing character: There is no ú in font ptmr7t!
Missing character: There is no ‚ in font ptmr7t!
Missing character: There is no Ä in font ptmr7t!
Missing character: There is no ù in font ptmr7t!
Missing character: There is no ‚ in font ptmr7t!
Missing character: There is no Ä in font ptmr7t!
Missing character: There is no ã in font ptmr7t!
Missing character: There is no ‚ in font ptmr7t!
Missing character: There is no Ä in font ptmr7t!
Missing character: There is no ã in font ptmr7t!
Missing character: There is no ‚ in font ptmr7t!
Missing character: There is no Ä in font ptmr7t!
Missing character: There is no ã in font ptmr7t!
Missing character: There is no ‚ in font ptmr7t!
Missing character: There is no Ä in font ptmr7t!
Missing character: There is no ã in font ptmr7t!
Missing character: There is no ‚ in font ptmr7t!
Missing character: There is no Ä in font ptmr7t!
Missing character: There is no ã in font ptmr7t!
Missing character: There is no ‚ in font ptmr7t!
Missing character: There is no Ä in font ptmr7t!
Missing character: There is no ô in font ptmr7t!

[1{/var/lib/texmf/fonts/map/pdftex/updmap/pdftex.map}


 <./figures/atrias.jpg>]
<figures/6_832blockdiagram.jpg, id=14, 1032.85875pt x 315.1775pt>
File: figures/6_832blockdiagram.jpg Graphic file (type jpg)

<use figures/6_832blockdiagram.jpg>
Package pdftex.def Info: figures/6_832blockdiagram.jpg used on input line 100.
(pdftex.def)             Requested size: 206.56808pt x 63.03438pt.
Missing character: There is no ‚ in font ptmr7t!
Missing character: There is no Ä in font ptmr7t!
Missing character: There is no ô in font ptmr7t!
Missing character: There is no ‚ in font ptmr7t!
Missing character: There is no Ä in font ptmr7t!
Missing character: There is no ô in font ptmr7t!
Missing character: There is no ‚ in font ptmr7t!
Missing character: There is no Ä in font ptmr7t!
Missing character: There is no ô in font ptmr7t!
LaTeX Font Info:    External font `cmex10' loaded for size
(Font)              <7> on input line 113.
Missing character: There is no ‚ in font ptmr7t!
Missing character: There is no Ä in font ptmr7t!
Missing character: There is no ô in font ptmr7t!
Missing character: There is no ‚ in font ptmr7t!
Missing character: There is no Ä in font ptmr7t!
Missing character: There is no ú in font ptmr7t!
Missing character: There is no ‚ in font ptmr7t!
Missing character: There is no Ä in font ptmr7t!
Missing character: There is no ù in font ptmr7t!
Missing character: There is no ‚ in font ptmr7t!
Missing character: There is no Ä in font ptmr7t!
Missing character: There is no ô in font ptmr7t!
Missing character: There is no ‚ in font ptmr7t!
Missing character: There is no Ä in font ptmr7t!
Missing character: There is no ô in font ptmr7t!
 [2 <./figures/6_832blockdiagram.jpg>]
Missing character: There is no ‚ in font ptmr7t!
Missing character: There is no Ä in font ptmr7t!
Missing character: There is no ô in font ptmr7t!
Missing character: There is no ‚ in font ptmr7t!
Missing character: There is no Ä in font ptmr7t!
Missing character: There is no ô in font ptmr7t!
Missing character: There is no ‚ in font ptmr7t!
Missing character: There is no Ä in font ptmr7t!
Missing character: There is no ú in font ptmr7t!
Missing character: There is no ‚ in font ptmr7t!
Missing character: There is no Ä in font ptmr7t!
Missing character: There is no ù in font ptmr7t!

[3]
Missing character: There is no √ in font ptmr7t!
Missing character: There is no í in font ptmr7t!
Missing character: There is no √ in font ptmr7t!
Missing character: There is no ì in font ptmr7t!
Missing character: There is no √ in font ptmr7t!
Missing character: There is no ê in font ptmr7t!


** Conference Paper **
Before submitting the final camera ready copy, remember to:

 1. Manually equalize the lengths of two columns on the last page
 of your paper;

 2. Ensure that any PostScript and/or PDF output post-processing
 uses only Type 1 fonts and that every step in the generation
 process uses the US letter (8.5in X 11in) paper size.

[4

] (./root.aux) ) 
Here is how much of TeX's memory you used:
 2131 strings out of 493304
 33088 string characters out of 6139871
 100560 words of memory out of 5000000
 5583 multiletter control sequences out of 15000+600000
 37940 words of font info for 78 fonts, out of 8000000 for 9000
 957 hyphenation exceptions out of 8191
 37i,9n,23p,1717b,281s stack positions out of 5000i,500n,10000p,200000b,80000s
{/usr/share/texlive/texmf-dist/fonts/enc/dvips/base/8r.enc}</us
r/share/texlive/texmf-dist/fonts/type1/public/amsfonts/cm/cmbx10.pfb></usr/shar
e/texlive/texmf-dist/fonts/type1/public/amsfonts/cm/cmbx7.pfb></usr/share/texli
ve/texmf-dist/fonts/type1/public/amsfonts/cm/cmex10.pfb></usr/share/texlive/tex
mf-dist/fonts/type1/public/amsfonts/cm/cmmi10.pfb></usr/share/texlive/texmf-dis
t/fonts/type1/public/amsfonts/cm/cmmi5.pfb></usr/share/texlive/texmf-dist/fonts
/type1/public/amsfonts/cm/cmmi7.pfb></usr/share/texlive/texmf-dist/fonts/type1/
public/amsfonts/cm/cmr10.pfb></usr/share/texlive/texmf-dist/fonts/type1/public/
amsfonts/cm/cmr6.pfb></usr/share/texlive/texmf-dist/fonts/type1/public/amsfonts
/cm/cmr7.pfb></usr/share/texlive/texmf-dist/fonts/type1/public/amsfonts/cm/cmr8
.pfb></usr/share/texlive/texmf-dist/fonts/type1/public/amsfonts/cm/cmsy10.pfb><
/usr/share/texlive/texmf-dist/fonts/type1/public/amsfonts/cm/cmsy7.pfb></usr/sh
are/texlive/texmf-dist/fonts/type1/urw/courier/ucrr8a.pfb></usr/share/texlive/t
exmf-dist/fonts/type1/urw/times/utmb8a.pfb></usr/share/texlive/texmf-dist/fonts
/type1/urw/times/utmbi8a.pfb></usr/share/texlive/texmf-dist/fonts/type1/urw/tim
es/utmr8a.pfb></usr/share/texlive/texmf-dist/fonts/type1/urw/times/utmri8a.pfb>

Output written on root.pdf (4 pages, 377748 bytes).
PDF statistics:
 88 PDF objects out of 1000 (max. 8388607)
 62 compressed objects within 1 object stream
 0 named destinations out of 1000 (max. 500000)
 11 words of extra memory for PDF output out of 10000 (max. 10000000)

